00000000          loop:
00000000 00001600 ldc count
00000001 00000004 ldnl 0
00000002 00001110 brlz done
00000003 00001700 ldc array
00000004 00000006 add 
00000005 00000004 ldnl 0
00000006 00001500 ldc mini
00000007 00000004 ldnl 0
00000008 00000007 sub 
00000009 00000610 brlz update
0000000a 00001600 ldc count
0000000b 00000004 ldnl 0
0000000c ffffff01 adc -1
0000000d 00001600 ldc count
0000000e 00000005 stnl 0
0000000f fffff011 br loop
00000010          update:
00000010 00001500 ldc mini
00000011 00000004 ldnl 0
00000012 00000005 stnl 0
00000013 ffffec11 br loop
00000014          done:
00000014 00000012 HALT 
00000015          mini:
00000015 00ffffff data 0xFFFFFF
00000016          count:
00000016 00000009 data 9
00000017          array:
00000017 00000006 data 6
00000018 00000004 data 4
00000019 00000007 data 7
0000001a 0000000a data 10
0000001b 00000008 data 8
0000001c 00000005 data 5
0000001d 00000009 data 9
0000001e 00000002 data 2
0000001f 00000001 data 1
00000020 00000003 data 3
