00000000          loop_min:
00000000 00001d00 ldc count
00000001 00000004 ldnl 0
00000002 00001810 brlz done_min
00000003 00001e00 ldc array
00000004 00000006 add 
00000005 00000004 ldnl 0
00000006 00001c00 ldc mini
00000007 00000004 ldnl 0
00000008 00000007 sub 
00000009 00000b10 brlz continue_min
0000000a 00001c00 ldc mini
0000000b 00000004 ldnl 0
0000000c 00000006 add 
0000000d 00001c00 ldc mini
0000000e 00000005 stnl 0
0000000f 00001d00 ldc count
00000010 00000004 ldnl 0
00000011 ffffff01 adc -1
00000012 00001d00 ldc count
00000013 00000005 stnl 0
00000014 ffffeb11 br loop_min
00000015          continue_min:
00000015 00001d00 ldc count
00000016 00000004 ldnl 0
00000017 ffffff01 adc -1
00000018 00001d00 ldc count
00000019 00000005 stnl 0
0000001a ffffe511 br loop_min
0000001b          done_min:
0000001b 00000012 HALT 
0000001c          mini:
0000001c 00ffffff data 0xFFFFFF
0000001d          count:
0000001d 00000009 data 9
0000001e          array:
0000001e 00000006 data 06
0000001f 00000004 data 4
00000020 00000007 data 7
00000021 0000000a data 10
00000022 00000008 data 8
00000023 00000005 data 5
00000024 00000009 data 9
00000025 00000002 data 2
00000026 00000001 data 1
00000027 00000003 data 3
